#
# There is insufficient memory for the Java Runtime Environment to continue.
# Native memory allocation (malloc) failed to allocate 2265136 bytes for Chunk::new
# Possible reasons:
#   The system is out of physical RAM or swap space
#   The process is running with CompressedOops enabled, and the Java Heap may be blocking the growth of the native heap
# Possible solutions:
#   Reduce memory load on the system
#   Increase physical memory or swap space
#   Check if swap backing store is full
#   Decrease Java heap size (-Xmx/-Xms)
#   Decrease number of Java threads
#   Decrease Java thread stack sizes (-Xss)
#   Set larger code cache with -XX:ReservedCodeCacheSize=
#   JVM is running with Zero Based Compressed Oops mode in which the Java heap is
#     placed in the first 32GB address space. The Java Heap base address is the
#     maximum limit for the native heap growth. Please use -XX:HeapBaseMinAddress
#     to set the Java Heap base and to place the Java Heap above 32GB virtual address.
# This output file may be truncated or incomplete.
#
#  Out of Memory Error (arena.cpp:168), pid=31092, tid=27840
#
# JRE version: Java(TM) SE Runtime Environment (21.0.2+13) (build 21.0.2+13-LTS-58)
# Java VM: Java HotSpot(TM) 64-Bit Server VM (21.0.2+13-LTS-58, mixed mode, sharing, tiered, compressed oops, compressed class ptrs, g1 gc, windows-amd64)
# No core dump will be written. Minidumps are not enabled by default on client versions of Windows
#

---------------  S U M M A R Y ------------

Command Line: --add-opens=java.base/java.lang=ALL-UNNAMED --add-opens=java.base/java.lang.invoke=ALL-UNNAMED --add-opens=java.base/java.util=ALL-UNNAMED --add-opens=java.prefs/java.util.prefs=ALL-UNNAMED --add-exports=jdk.compiler/com.sun.tools.javac.api=ALL-UNNAMED --add-exports=jdk.compiler/com.sun.tools.javac.util=ALL-UNNAMED --add-opens=java.base/java.util=ALL-UNNAMED --add-opens=java.prefs/java.util.prefs=ALL-UNNAMED --add-opens=java.base/java.nio.charset=ALL-UNNAMED --add-opens=java.base/java.net=ALL-UNNAMED --add-opens=java.base/java.util.concurrent.atomic=ALL-UNNAMED --add-opens=java.xml/javax.xml.namespace=ALL-UNNAMED -XX:MaxMetaspaceSize=4G -XX:ReservedCodeCacheSize=512m -XX:+HeapDumpOnOutOfMemoryError -Xmx8G -Dfile.encoding=UTF-8 -Duser.country=IN -Duser.language=en -Duser.variant -javaagent:C:\Users\AsangBorkar\.gradle\wrapper\dists\gradle-8.14-all\c2qonpi39x1mddn7hk5gh9iqj\gradle-8.14\lib\agents\gradle-instrumentation-agent-8.14.jar org.gradle.launcher.daemon.bootstrap.GradleDaemon 8.14

Host: Intel(R) Core(TM) i5-10210U CPU @ 1.60GHz, 8 cores, 23G,  Windows 11 , 64 bit Build 26100 (10.0.26100.7705)
Time: Wed Feb 18 15:10:39 2026 India Standard Time elapsed time: 10.678422 seconds (0d 0h 0m 10s)

---------------  T H R E A D  ---------------

Current thread (0x000001baf1b39670):  JavaThread "C2 CompilerThread0" daemon [_thread_in_native, id=27840, stack(0x0000005bc7e00000,0x0000005bc7f00000) (1024K)]


Current CompileTask:
C2:  10678 2718   !   4       java.lang.ClassLoader::loadClass (121 bytes)

Stack: [0x0000005bc7e00000,0x0000005bc7f00000]
Native frames: (J=compiled Java code, j=interpreted, Vv=VM code, C=native code)
V  [jvm.dll+0x6cade9]
V  [jvm.dll+0x8569c1]
V  [jvm.dll+0x858d2e]
V  [jvm.dll+0x859413]
V  [jvm.dll+0x280e56]
V  [jvm.dll+0xc3f3d]
V  [jvm.dll+0xc4473]
V  [jvm.dll+0x3b5c2c]
V  [jvm.dll+0x1e2209]
V  [jvm.dll+0x249d22]
V  [jvm.dll+0x2491b1]
V  [jvm.dll+0x1c9634]
V  [jvm.dll+0x258859]
V  [jvm.dll+0x256e3a]
V  [jvm.dll+0x3ef6c6]
V  [jvm.dll+0x7ff568]
V  [jvm.dll+0x6c953d]
C  [ucrtbase.dll+0x37b0]
C  [KERNEL32.DLL+0x2e8d7]
C  [ntdll.dll+0x8c40c]


---------------  P R O C E S S  ---------------

Threads class SMR info:
_java_thread_list=0x000001bb38c7fd50, length=25, elements={
0x000001bab9c5a1d0, 0x000001baf1b195b0, 0x000001baf1b1c120, 0x000001baf1b201c0,
0x000001baf1b23360, 0x000001baf1b21750, 0x000001baf1b23f70, 0x000001baf1b39670,
0x000001baf1b3c4d0, 0x000001baf1bf8770, 0x000001baf1de7340, 0x000001bb386f2660,
0x000001bb3882f070, 0x000001bb37c430b0, 0x000001bb388c5160, 0x000001bb3897d430,
0x000001bb3896f8a0, 0x000001bb38970320, 0x000001bb389d5b50, 0x000001bb389d61e0,
0x000001bb389d82b0, 0x000001bb389d4e30, 0x000001bb389d6870, 0x000001bb389d6f00,
0x000001bb398a98b0
}

Java Threads: ( => current thread )
  0x000001bab9c5a1d0 JavaThread "main"                              [_thread_blocked, id=3404, stack(0x0000005bc7000000,0x0000005bc7100000) (1024K)]
  0x000001baf1b195b0 JavaThread "Reference Handler"          daemon [_thread_blocked, id=3192, stack(0x0000005bc7800000,0x0000005bc7900000) (1024K)]
  0x000001baf1b1c120 JavaThread "Finalizer"                  daemon [_thread_blocked, id=9932, stack(0x0000005bc7900000,0x0000005bc7a00000) (1024K)]
  0x000001baf1b201c0 JavaThread "Signal Dispatcher"          daemon [_thread_blocked, id=17808, stack(0x0000005bc7a00000,0x0000005bc7b00000) (1024K)]
  0x000001baf1b23360 JavaThread "Attach Listener"            daemon [_thread_blocked, id=21032, stack(0x0000005bc7b00000,0x0000005bc7c00000) (1024K)]
  0x000001baf1b21750 JavaThread "Service Thread"             daemon [_thread_blocked, id=23012, stack(0x0000005bc7c00000,0x0000005bc7d00000) (1024K)]
  0x000001baf1b23f70 JavaThread "Monitor Deflation Thread"   daemon [_thread_blocked, id=10776, stack(0x0000005bc7d00000,0x0000005bc7e00000) (1024K)]
=>0x000001baf1b39670 JavaThread "C2 CompilerThread0"         daemon [_thread_in_native, id=27840, stack(0x0000005bc7e00000,0x0000005bc7f00000) (1024K)]
  0x000001baf1b3c4d0 JavaThread "C1 CompilerThread0"         daemon [_thread_blocked, id=9188, stack(0x0000005bc7f00000,0x0000005bc8000000) (1024K)]
  0x000001baf1bf8770 JavaThread "Common-Cleaner"             daemon [_thread_blocked, id=22520, stack(0x0000005bc8000000,0x0000005bc8100000) (1024K)]
  0x000001baf1de7340 JavaThread "Notification Thread"        daemon [_thread_blocked, id=24244, stack(0x0000005bc8100000,0x0000005bc8200000) (1024K)]
  0x000001bb386f2660 JavaThread "Daemon health stats"               [_thread_blocked, id=5408, stack(0x0000005bc8a00000,0x0000005bc8b00000) (1024K)]
  0x000001bb3882f070 JavaThread "Incoming local TCP Connector on port 63044"        [_thread_in_native, id=21700, stack(0x0000005bc8900000,0x0000005bc8a00000) (1024K)]
  0x000001bb37c430b0 JavaThread "Daemon periodic checks"            [_thread_blocked, id=25240, stack(0x0000005bc8b00000,0x0000005bc8c00000) (1024K)]
  0x000001bb388c5160 JavaThread "Daemon"                            [_thread_blocked, id=9516, stack(0x0000005bc8c00000,0x0000005bc8d00000) (1024K)]
  0x000001bb3897d430 JavaThread "Handler for socket connection from /127.0.0.1:63044 to /127.0.0.1:63047"        [_thread_in_native, id=14272, stack(0x0000005bc8d00000,0x0000005bc8e00000) (1024K)]
  0x000001bb3896f8a0 JavaThread "Cancel handler"                    [_thread_blocked, id=25896, stack(0x0000005bc8e00000,0x0000005bc8f00000) (1024K)]
  0x000001bb38970320 JavaThread "Daemon worker"                     [_thread_in_native, id=30196, stack(0x0000005bc8f00000,0x0000005bc9000000) (1024K)]
  0x000001bb389d5b50 JavaThread "Asynchronous log dispatcher for DefaultDaemonConnection: socket connection from /127.0.0.1:63044 to /127.0.0.1:63047"        [_thread_blocked, id=27732, stack(0x0000005bc9000000,0x0000005bc9100000) (1024K)]
  0x000001bb389d61e0 JavaThread "Stdin handler"                     [_thread_blocked, id=31892, stack(0x0000005bc9100000,0x0000005bc9200000) (1024K)]
  0x000001bb389d82b0 JavaThread "Daemon client event forwarder"        [_thread_blocked, id=15836, stack(0x0000005bc9200000,0x0000005bc9300000) (1024K)]
  0x000001bb389d4e30 JavaThread "Cache worker for journal cache (C:\Users\AsangBorkar\.gradle\caches\journal-1)"        [_thread_blocked, id=25120, stack(0x0000005bc9300000,0x0000005bc9400000) (1024K)]
  0x000001bb389d6870 JavaThread "File lock request listener"        [_thread_in_native, id=30200, stack(0x0000005bc9400000,0x0000005bc9500000) (1024K)]
  0x000001bb389d6f00 JavaThread "Cache worker for file hash cache (C:\Users\AsangBorkar\.gradle\caches\8.14\fileHashes)"        [_thread_blocked, id=27596, stack(0x0000005bc9500000,0x0000005bc9600000) (1024K)]
  0x000001bb398a98b0 JavaThread "C2 CompilerThread1"         daemon [_thread_blocked, id=9728, stack(0x0000005bc9600000,0x0000005bc9700000) (1024K)]
Total: 25

Other Threads:
  0x000001baef278660 VMThread "VM Thread"                           [id=4472, stack(0x0000005bc7700000,0x0000005bc7800000) (1024K)]
  0x000001baef2577e0 WatcherThread "VM Periodic Task Thread"        [id=25808, stack(0x0000005bc7600000,0x0000005bc7700000) (1024K)]
  0x000001baba330ef0 WorkerThread "GC Thread#0"                     [id=27496, stack(0x0000005bc7100000,0x0000005bc7200000) (1024K)]
  0x000001baf1e5a6d0 WorkerThread "GC Thread#1"                     [id=18896, stack(0x0000005bc8200000,0x0000005bc8300000) (1024K)]
  0x000001baf1ef8450 WorkerThread "GC Thread#2"                     [id=19524, stack(0x0000005bc8300000,0x0000005bc8400000) (1024K)]
  0x000001baf1ef87f0 WorkerThread "GC Thread#3"                     [id=1568, stack(0x0000005bc8400000,0x0000005bc8500000) (1024K)]
  0x000001baf1ef8b90 WorkerThread "GC Thread#4"                     [id=31360, stack(0x0000005bc8500000,0x0000005bc8600000) (1024K)]
  0x000001baf1e60580 WorkerThread "GC Thread#5"                     [id=5412, stack(0x0000005bc8600000,0x0000005bc8700000) (1024K)]
  0x000001baf1e60920 WorkerThread "GC Thread#6"                     [id=4464, stack(0x0000005bc8700000,0x0000005bc8800000) (1024K)]
  0x000001baf1e8f0c0 WorkerThread "GC Thread#7"                     [id=11384, stack(0x0000005bc8800000,0x0000005bc8900000) (1024K)]
  0x000001baef084090 ConcurrentGCThread "G1 Main Marker"            [id=32288, stack(0x0000005bc7200000,0x0000005bc7300000) (1024K)]
  0x000001baef085ff0 WorkerThread "G1 Conc#0"                       [id=16380, stack(0x0000005bc7300000,0x0000005bc7400000) (1024K)]
  0x000001baef129240 ConcurrentGCThread "G1 Refine#0"               [id=11552, stack(0x0000005bc7400000,0x0000005bc7500000) (1024K)]
  0x000001baef129cc0 ConcurrentGCThread "G1 Service"                [id=29644, stack(0x0000005bc7500000,0x0000005bc7600000) (1024K)]
Total: 14

Threads with active compile tasks:
C2 CompilerThread0    10893 2718   !   4       java.lang.ClassLoader::loadClass (121 bytes)
Total: 1

VM state: not at safepoint (normal execution)

VM Mutex/Monitor currently owned by a thread: None

Heap address: 0x0000000600000000, size: 8192 MB, Compressed Oops mode: Zero based, Oop shift amount: 3

CDS archive(s) mapped at: [0x000001baf2000000-0x000001baf2c90000-0x000001baf2c90000), size 13172736, SharedBaseAddress: 0x000001baf2000000, ArchiveRelocationMode: 1.
Compressed class space mapped at: 0x000001baf3000000-0x000001bb33000000, reserved size: 1073741824
Narrow klass base: 0x000001baf2000000, Narrow klass shift: 0, Narrow klass range: 0x100000000

GC Precious Log:
 CardTable entry size: 512
 Card Set container configuration: InlinePtr #cards 4 size 8 Array Of Cards #cards 32 size 80 Howl #buckets 8 coarsen threshold 7372 Howl Bitmap #cards 1024 size 144 coarsen threshold 921 Card regions per heap region 1 cards per card region 8192
 CPUs: 8 total, 8 available
 Memory: 24336M
 Large Page Support: Disabled
 NUMA Support: Disabled
 Compressed Oops: Enabled (Zero based)
 Heap Region Size: 4M
 Heap Min Capacity: 8M
 Heap Initial Capacity: 384M
 Heap Max Capacity: 8G
 Pre-touch: Disabled
 Parallel Workers: 8
 Concurrent Workers: 2
 Concurrent Refinement Workers: 8
 Periodic GC: Disabled

Heap:
 garbage-first heap   total 393216K, used 26881K [0x0000000600000000, 0x0000000800000000)
  region size 4096K, 6 young (24576K), 4 survivors (16384K)
 Metaspace       used 18322K, committed 18880K, reserved 1114112K
  class space    used 2561K, committed 2816K, reserved 1048576K

Heap Regions: E=young(eden), S=young(survivor), O=old, HS=humongous(starts), HC=humongous(continues), CS=collection set, F=free, TAMS=top-at-mark-start, PB=parsable bottom
|   0|0x0000000600000000, 0x0000000600400000, 0x0000000600400000|100%|HS|  |TAMS 0x0000000600000000| PB 0x0000000600000000| Complete 
|   1|0x0000000600400000, 0x0000000600640788, 0x0000000600800000| 56%| O|  |TAMS 0x0000000600400000| PB 0x0000000600400000| Untracked 
|   2|0x0000000600800000, 0x0000000600800000, 0x0000000600c00000|  0%| F|  |TAMS 0x0000000600800000| PB 0x0000000600800000| Untracked 
|   3|0x0000000600c00000, 0x0000000600c00000, 0x0000000601000000|  0%| F|  |TAMS 0x0000000600c00000| PB 0x0000000600c00000| Untracked 
|   4|0x0000000601000000, 0x0000000601000000, 0x0000000601400000|  0%| F|  |TAMS 0x0000000601000000| PB 0x0000000601000000| Untracked 
|   5|0x0000000601400000, 0x0000000601400000, 0x0000000601800000|  0%| F|  |TAMS 0x0000000601400000| PB 0x0000000601400000| Untracked 
|   6|0x0000000601800000, 0x0000000601800000, 0x0000000601c00000|  0%| F|  |TAMS 0x0000000601800000| PB 0x0000000601800000| Untracked 
|   7|0x0000000601c00000, 0x0000000601c00000, 0x0000000602000000|  0%| F|  |TAMS 0x0000000601c00000| PB 0x0000000601c00000| Untracked 
|   8|0x0000000602000000, 0x0000000602000000, 0x0000000602400000|  0%| F|  |TAMS 0x0000000602000000| PB 0x0000000602000000| Untracked 
|   9|0x0000000602400000, 0x0000000602400000, 0x0000000602800000|  0%| F|  |TAMS 0x0000000602400000| PB 0x0000000602400000| Untracked 
|  10|0x0000000602800000, 0x0000000602800000, 0x0000000602c00000|  0%| F|  |TAMS 0x0000000602800000| PB 0x0000000602800000| Untracked 
|  11|0x0000000602c00000, 0x0000000602c00000, 0x0000000603000000|  0%| F|  |TAMS 0x0000000602c00000| PB 0x0000000602c00000| Untracked 
|  12|0x0000000603000000, 0x0000000603000000, 0x0000000603400000|  0%| F|  |TAMS 0x0000000603000000| PB 0x0000000603000000| Untracked 
|  13|0x0000000603400000, 0x0000000603400000, 0x0000000603800000|  0%| F|  |TAMS 0x0000000603400000| PB 0x0000000603400000| Untracked 
|  14|0x0000000603800000, 0x0000000603800000, 0x0000000603c00000|  0%| F|  |TAMS 0x0000000603800000| PB 0x0000000603800000| Untracked 
|  15|0x0000000603c00000, 0x0000000603c00000, 0x0000000604000000|  0%| F|  |TAMS 0x0000000603c00000| PB 0x0000000603c00000| Untracked 
|  16|0x0000000604000000, 0x0000000604000000, 0x0000000604400000|  0%| F|  |TAMS 0x0000000604000000| PB 0x0000000604000000| Untracked 
|  17|0x0000000604400000, 0x0000000604400000, 0x0000000604800000|  0%| F|  |TAMS 0x0000000604400000| PB 0x0000000604400000| Untracked 
|  18|0x0000000604800000, 0x0000000604800000, 0x0000000604c00000|  0%| F|  |TAMS 0x0000000604800000| PB 0x0000000604800000| Untracked 
|  19|0x0000000604c00000, 0x0000000604c00000, 0x0000000605000000|  0%| F|  |TAMS 0x0000000604c00000| PB 0x0000000604c00000| Untracked 
|  20|0x0000000605000000, 0x0000000605000000, 0x0000000605400000|  0%| F|  |TAMS 0x0000000605000000| PB 0x0000000605000000| Untracked 
|  21|0x0000000605400000, 0x0000000605400000, 0x0000000605800000|  0%| F|  |TAMS 0x0000000605400000| PB 0x0000000605400000| Untracked 
|  22|0x0000000605800000, 0x0000000605800000, 0x0000000605c00000|  0%| F|  |TAMS 0x0000000605800000| PB 0x0000000605800000| Untracked 
|  23|0x0000000605c00000, 0x0000000605c00000, 0x0000000606000000|  0%| F|  |TAMS 0x0000000605c00000| PB 0x0000000605c00000| Untracked 
|  24|0x0000000606000000, 0x0000000606000000, 0x0000000606400000|  0%| F|  |TAMS 0x0000000606000000| PB 0x0000000606000000| Untracked 
|  25|0x0000000606400000, 0x0000000606400000, 0x0000000606800000|  0%| F|  |TAMS 0x0000000606400000| PB 0x0000000606400000| Untracked 
|  26|0x0000000606800000, 0x0000000606800000, 0x0000000606c00000|  0%| F|  |TAMS 0x0000000606800000| PB 0x0000000606800000| Untracked 
|  27|0x0000000606c00000, 0x0000000606c00000, 0x0000000607000000|  0%| F|  |TAMS 0x0000000606c00000| PB 0x0000000606c00000| Untracked 
|  28|0x0000000607000000, 0x0000000607000000, 0x0000000607400000|  0%| F|  |TAMS 0x0000000607000000| PB 0x0000000607000000| Untracked 
|  29|0x0000000607400000, 0x0000000607400000, 0x0000000607800000|  0%| F|  |TAMS 0x0000000607400000| PB 0x0000000607400000| Untracked 
|  30|0x0000000607800000, 0x0000000607800000, 0x0000000607c00000|  0%| F|  |TAMS 0x0000000607800000| PB 0x0000000607800000| Untracked 
|  31|0x0000000607c00000, 0x0000000607c00000, 0x0000000608000000|  0%| F|  |TAMS 0x0000000607c00000| PB 0x0000000607c00000| Untracked 
|  32|0x0000000608000000, 0x0000000608000000, 0x0000000608400000|  0%| F|  |TAMS 0x0000000608000000| PB 0x0000000608000000| Untracked 
|  33|0x0000000608400000, 0x0000000608400000, 0x0000000608800000|  0%| F|  |TAMS 0x0000000608400000| PB 0x0000000608400000| Untracked 
|  34|0x0000000608800000, 0x0000000608800000, 0x0000000608c00000|  0%| F|  |TAMS 0x0000000608800000| PB 0x0000000608800000| Untracked 
|  35|0x0000000608c00000, 0x0000000608c00000, 0x0000000609000000|  0%| F|  |TAMS 0x0000000608c00000| PB 0x0000000608c00000| Untracked 
|  36|0x0000000609000000, 0x0000000609000000, 0x0000000609400000|  0%| F|  |TAMS 0x0000000609000000| PB 0x0000000609000000| Untracked 
|  37|0x0000000609400000, 0x0000000609400000, 0x0000000609800000|  0%| F|  |TAMS 0x0000000609400000| PB 0x0000000609400000| Untracked 
|  38|0x0000000609800000, 0x0000000609800000, 0x0000000609c00000|  0%| F|  |TAMS 0x0000000609800000| PB 0x0000000609800000| Untracked 
|  39|0x0000000609c00000, 0x0000000609c00000, 0x000000060a000000|  0%| F|  |TAMS 0x0000000609c00000| PB 0x0000000609c00000| Untracked 
|  40|0x000000060a000000, 0x000000060a000000, 0x000000060a400000|  0%| F|  |TAMS 0x000000060a000000| PB 0x000000060a000000| Untracked 
|  41|0x000000060a400000, 0x000000060a400000, 0x000000060a800000|  0%| F|  |TAMS 0x000000060a400000| PB 0x000000060a400000| Untracked 
|  42|0x000000060a800000, 0x000000060a800000, 0x000000060ac00000|  0%| F|  |TAMS 0x000000060a800000| PB 0x000000060a800000| Untracked 
|  43|0x000000060ac00000, 0x000000060ac00000, 0x000000060b000000|  0%| F|  |TAMS 0x000000060ac00000| PB 0x000000060ac00000| Untracked 
|  44|0x000000060b000000, 0x000000060b000000, 0x000000060b400000|  0%| F|  |TAMS 0x000000060b000000| PB 0x000000060b000000| Untracked 
|  45|0x000000060b400000, 0x000000060b400000, 0x000000060b800000|  0%| F|  |TAMS 0x000000060b400000| PB 0x000000060b400000| Untracked 
|  46|0x000000060b800000, 0x000000060b800000, 0x000000060bc00000|  0%| F|  |TAMS 0x000000060b800000| PB 0x000000060b800000| Untracked 
|  47|0x000000060bc00000, 0x000000060bc00000, 0x000000060c000000|  0%| F|  |TAMS 0x000000060bc00000| PB 0x000000060bc00000| Untracked 
|  48|0x000000060c000000, 0x000000060c000000, 0x000000060c400000|  0%| F|  |TAMS 0x000000060c000000| PB 0x000000060c000000| Untracked 
|  49|0x000000060c400000, 0x000000060c400000, 0x000000060c800000|  0%| F|  |TAMS 0x000000060c400000| PB 0x000000060c400000| Untracked 
|  50|0x000000060c800000, 0x000000060c800000, 0x000000060cc00000|  0%| F|  |TAMS 0x000000060c800000| PB 0x000000060c800000| Untracked 
|  51|0x000000060cc00000, 0x000000060cc00000, 0x000000060d000000|  0%| F|  |TAMS 0x000000060cc00000| PB 0x000000060cc00000| Untracked 
|  52|0x000000060d000000, 0x000000060d000000, 0x000000060d400000|  0%| F|  |TAMS 0x000000060d000000| PB 0x000000060d000000| Untracked 
|  53|0x000000060d400000, 0x000000060d400000, 0x000000060d800000|  0%| F|  |TAMS 0x000000060d400000| PB 0x000000060d400000| Untracked 
|  54|0x000000060d800000, 0x000000060d800000, 0x000000060dc00000|  0%| F|  |TAMS 0x000000060d800000| PB 0x000000060d800000| Untracked 
|  55|0x000000060dc00000, 0x000000060dc00000, 0x000000060e000000|  0%| F|  |TAMS 0x000000060dc00000| PB 0x000000060dc00000| Untracked 
|  56|0x000000060e000000, 0x000000060e000000, 0x000000060e400000|  0%| F|  |TAMS 0x000000060e000000| PB 0x000000060e000000| Untracked 
|  57|0x000000060e400000, 0x000000060e400000, 0x000000060e800000|  0%| F|  |TAMS 0x000000060e400000| PB 0x000000060e400000| Untracked 
|  58|0x000000060e800000, 0x000000060e800000, 0x000000060ec00000|  0%| F|  |TAMS 0x000000060e800000| PB 0x000000060e800000| Untracked 
|  59|0x000000060ec00000, 0x000000060ec00000, 0x000000060f000000|  0%| F|  |TAMS 0x000000060ec00000| PB 0x000000060ec00000| Untracked 
|  60|0x000000060f000000, 0x000000060f000000, 0x000000060f400000|  0%| F|  |TAMS 0x000000060f000000| PB 0x000000060f000000| Untracked 
|  61|0x000000060f400000, 0x000000060f800000, 0x000000060f800000|100%| S|CS|TAMS 0x000000060f400000| PB 0x000000060f400000| Complete 
|  62|0x000000060f800000, 0x000000060fc00000, 0x000000060fc00000|100%| S|CS|TAMS 0x000000060f800000| PB 0x000000060f800000| Complete 
|  63|0x000000060fc00000, 0x0000000610000000, 0x0000000610000000|100%| S|CS|TAMS 0x000000060fc00000| PB 0x000000060fc00000| Complete 
|  64|0x0000000610000000, 0x0000000610400000, 0x0000000610400000|100%| S|CS|TAMS 0x0000000610000000| PB 0x0000000610000000| Complete 
|  65|0x0000000610400000, 0x0000000610400000, 0x0000000610800000|  0%| F|  |TAMS 0x0000000610400000| PB 0x0000000610400000| Untracked 
|  66|0x0000000610800000, 0x0000000610800000, 0x0000000610c00000|  0%| F|  |TAMS 0x0000000610800000| PB 0x0000000610800000| Untracked 
|  67|0x0000000610c00000, 0x0000000610c00000, 0x0000000611000000|  0%| F|  |TAMS 0x0000000610c00000| PB 0x0000000610c00000| Untracked 
|  68|0x0000000611000000, 0x0000000611000000, 0x0000000611400000|  0%| F|  |TAMS 0x0000000611000000| PB 0x0000000611000000| Untracked 
|  69|0x0000000611400000, 0x0000000611400000, 0x0000000611800000|  0%| F|  |TAMS 0x0000000611400000| PB 0x0000000611400000| Untracked 
|  70|0x0000000611800000, 0x0000000611800000, 0x0000000611c00000|  0%| F|  |TAMS 0x0000000611800000| PB 0x0000000611800000| Untracked 
|  71|0x0000000611c00000, 0x0000000611c00000, 0x0000000612000000|  0%| F|  |TAMS 0x0000000611c00000| PB 0x0000000611c00000| Untracked 
|  72|0x0000000612000000, 0x0000000612000000, 0x0000000612400000|  0%| F|  |TAMS 0x0000000612000000| PB 0x0000000612000000| Untracked 
|  73|0x0000000612400000, 0x0000000612400000, 0x0000000612800000|  0%| F|  |TAMS 0x0000000612400000| PB 0x0000000612400000| Untracked 
|  74|0x0000000612800000, 0x0000000612800000, 0x0000000612c00000|  0%| F|  |TAMS 0x0000000612800000| PB 0x0000000612800000| Untracked 
|  75|0x0000000612c00000, 0x0000000612c00000, 0x0000000613000000|  0%| F|  |TAMS 0x0000000612c00000| PB 0x0000000612c00000| Untracked 
|  76|0x0000000613000000, 0x0000000613000000, 0x0000000613400000|  0%| F|  |TAMS 0x0000000613000000| PB 0x0000000613000000| Untracked 
|  77|0x0000000613400000, 0x0000000613400000, 0x0000000613800000|  0%| F|  |TAMS 0x0000000613400000| PB 0x0000000613400000| Untracked 
|  78|0x0000000613800000, 0x0000000613800000, 0x0000000613c00000|  0%| F|  |TAMS 0x0000000613800000| PB 0x0000000613800000| Untracked 
|  79|0x0000000613c00000, 0x0000000613c00000, 0x0000000614000000|  0%| F|  |TAMS 0x0000000613c00000| PB 0x0000000613c00000| Untracked 
|  80|0x0000000614000000, 0x0000000614000000, 0x0000000614400000|  0%| F|  |TAMS 0x0000000614000000| PB 0x0000000614000000| Untracked 
|  81|0x0000000614400000, 0x0000000614400000, 0x0000000614800000|  0%| F|  |TAMS 0x0000000614400000| PB 0x0000000614400000| Untracked 
|  82|0x0000000614800000, 0x0000000614800000, 0x0000000614c00000|  0%| F|  |TAMS 0x0000000614800000| PB 0x0000000614800000| Untracked 
|  83|0x0000000614c00000, 0x0000000614c00000, 0x0000000615000000|  0%| F|  |TAMS 0x0000000614c00000| PB 0x0000000614c00000| Untracked 
|  84|0x0000000615000000, 0x0000000615000000, 0x0000000615400000|  0%| F|  |TAMS 0x0000000615000000| PB 0x0000000615000000| Untracked 
|  85|0x0000000615400000, 0x0000000615400000, 0x0000000615800000|  0%| F|  |TAMS 0x0000000615400000| PB 0x0000000615400000| Untracked 
|  86|0x0000000615800000, 0x0000000615800000, 0x0000000615c00000|  0%| F|  |TAMS 0x0000000615800000| PB 0x0000000615800000| Untracked 
|  87|0x0000000615c00000, 0x0000000615c00000, 0x0000000616000000|  0%| F|  |TAMS 0x0000000615c00000| PB 0x0000000615c00000| Untracked 
|  88|0x0000000616000000, 0x0000000616000000, 0x0000000616400000|  0%| F|  |TAMS 0x0000000616000000| PB 0x0000000616000000| Untracked 
|  89|0x0000000616400000, 0x0000000616400000, 0x0000000616800000|  0%| F|  |TAMS 0x0000000616400000| PB 0x0000000616400000| Untracked 
|  90|0x0000000616800000, 0x0000000616800000, 0x0000000616c00000|  0%| F|  |TAMS 0x0000000616800000| PB 0x0000000616800000| Untracked 
|  91|0x0000000616c00000, 0x0000000616c00000, 0x0000000617000000|  0%| F|  |TAMS 0x0000000616c00000| PB 0x0000000616c00000| Untracked 
|  92|0x0000000617000000, 0x0000000617000000, 0x0000000617400000|  0%| F|  |TAMS 0x0000000617000000| PB 0x0000000617000000| Untracked 
|  93|0x0000000617400000, 0x0000000617400000, 0x0000000617800000|  0%| F|  |TAMS 0x0000000617400000| PB 0x0000000617400000| Untracked 
|  94|0x0000000617800000, 0x00000006178b8438, 0x0000000617c00000| 17%| E|  |TAMS 0x0000000617800000| PB 0x0000000617800000| Complete 
|  95|0x0000000617c00000, 0x0000000618000000, 0x0000000618000000|100%| E|CS|TAMS 0x0000000617c00000| PB 0x0000000617c00000| Complete 

Card table byte_map: [0x000001bae5ff0000,0x000001bae6ff0000] _byte_map_base: 0x000001bae2ff0000

Marking Bits: (CMBitMap*) 0x000001baba331500
 Bits: [0x000001bae6ff0000, 0x000001baeeff0000)

Polling page: 0x000001bab9fc0000

Metaspace:

Usage:
  Non-class:     15.41 MB used.
      Class:      2.51 MB used.
       Both:     17.91 MB used.

Virtual space:
  Non-class space:       64.00 MB reserved,      15.69 MB ( 25%) committed,  1 nodes.
      Class space:        1.00 GB reserved,       2.75 MB ( <1%) committed,  1 nodes.
             Both:        1.06 GB reserved,      18.44 MB (  2%) committed. 

Chunk freelists:
   Non-Class:  15.47 MB
       Class:  13.08 MB
        Both:  28.55 MB

MaxMetaspaceSize: 4.00 GB
CompressedClassSpaceSize: 1.00 GB
Initial GC threshold: 21.00 MB
Current GC threshold: 21.00 MB
CDS: on
 - commit_granule_bytes: 65536.
 - commit_granule_words: 8192.
 - virtual_space_node_default_size: 8388608.
 - enlarge_chunks_in_place: 1.
 - use_allocation_guard: 0.


Internal statistics:

num_allocs_failed_limit: 0.
num_arena_births: 704.
num_arena_deaths: 0.
num_vsnodes_births: 2.
num_vsnodes_deaths: 0.
num_space_committed: 295.
num_space_uncommitted: 0.
num_chunks_returned_to_freelist: 0.
num_chunks_taken_from_freelist: 1394.
num_chunk_merges: 0.
num_chunk_splits: 884.
num_chunks_enlarged: 585.
num_inconsistent_stats: 0.

CodeHeap 'non-profiled nmethods': size=259264Kb used=1409Kb max_used=1409Kb free=257854Kb
 bounds [0x000001bad4640000, 0x000001bad48b0000, 0x000001bae4370000]
CodeHeap 'profiled nmethods': size=259264Kb used=5795Kb max_used=5795Kb free=253469Kb
 bounds [0x000001bac4370000, 0x000001bac4920000, 0x000001bad40a0000]
CodeHeap 'non-nmethods': size=5760Kb used=1501Kb max_used=1566Kb free=4258Kb
 bounds [0x000001bad40a0000, 0x000001bad4310000, 0x000001bad4640000]
 total_blobs=3494 nmethods=2919 adapters=479
 compilation: enabled
              stopped_count=0, restarted_count=0
 full_count=0

Compilation events (20 events):
Event: 9.633 Thread 0x000001baf1b3c4d0 2898       3       java.lang.Byte::hashCode (8 bytes)
Event: 9.633 Thread 0x000001baf1b3c4d0 nmethod 2898 0x000001bac490ca90 code [0x000001bac490cc40, 0x000001bac490cda8]
Event: 9.633 Thread 0x000001baf1b3c4d0 2899       3       java.lang.Byte::hashCode (2 bytes)
Event: 9.633 Thread 0x000001baf1b3c4d0 nmethod 2899 0x000001bac490ce90 code [0x000001bac490d020, 0x000001bac490d110]
Event: 9.633 Thread 0x000001baf1b3c4d0 2897       1       java.io.ObjectStreamField::getName (5 bytes)
Event: 9.633 Thread 0x000001baf1b3c4d0 nmethod 2897 0x000001bad4792c10 code [0x000001bad4792da0, 0x000001bad4792e70]
Event: 9.633 Thread 0x000001baf1b3c4d0 2895       1       jdk.internal.reflect.ClassFileAssembler::getStack (5 bytes)
Event: 9.634 Thread 0x000001baf1b3c4d0 nmethod 2895 0x000001bad4792f10 code [0x000001bad47930a0, 0x000001bad4793168]
Event: 9.642 Thread 0x000001baf1b3c4d0 2901       3       java.lang.invoke.MethodHandleNatives::linkCallSite (65 bytes)
Event: 9.643 Thread 0x000001baf1b3c4d0 nmethod 2901 0x000001bac490d190 code [0x000001bac490d380, 0x000001bac490d8c8]
Event: 9.643 Thread 0x000001baf1b3c4d0 2902       3       java.lang.invoke.MethodHandleNatives::linkCallSiteImpl (119 bytes)
Event: 9.644 Thread 0x000001baf1b3c4d0 nmethod 2902 0x000001bac490da90 code [0x000001bac490dce0, 0x000001bac490e628]
Event: 9.644 Thread 0x000001baf1b3c4d0 2903       3       java.lang.invoke.ConstantCallSite::<init> (17 bytes)
Event: 9.645 Thread 0x000001baf1b3c4d0 nmethod 2903 0x000001bac490e990 code [0x000001bac490eb80, 0x000001bac490f110]
Event: 9.645 Thread 0x000001baf1b3c4d0 2904       3       java.lang.invoke.CallSite::<init> (23 bytes)
Event: 9.646 Thread 0x000001baf1b3c4d0 nmethod 2904 0x000001bac490f310 code [0x000001bac490f500, 0x000001bac490fa08]
Event: 9.907 Thread 0x000001baf1b3c4d0 2905       3       jdk.internal.misc.Unsafe::putReferenceOpaque (9 bytes)
Event: 9.907 Thread 0x000001baf1b3c4d0 nmethod 2905 0x000001bac490fc10 code [0x000001bac490fda0, 0x000001bac490ff08]
Event: 9.938 Thread 0x000001baf1b3c4d0 2906       3       java.util.concurrent.TimeUnit::toNanos (45 bytes)
Event: 10.667 Thread 0x000001baf1b3c4d0 nmethod 2906 0x000001bac490ff90 code [0x000001bac4910140, 0x000001bac49103a8]

GC Heap History (6 events):
Event: 0.813 GC heap before
{Heap before GC invocations=0 (full 0):
 garbage-first heap   total 393216K, used 20480K [0x0000000600000000, 0x0000000800000000)
  region size 4096K, 5 young (20480K), 0 survivors (0K)
 Metaspace       used 861K, committed 1024K, reserved 1114112K
  class space    used 67K, committed 128K, reserved 1048576K
}
Event: 0.817 GC heap after
{Heap after GC invocations=1 (full 0):
 garbage-first heap   total 393216K, used 1627K [0x0000000600000000, 0x0000000800000000)
  region size 4096K, 1 young (4096K), 1 survivors (4096K)
 Metaspace       used 861K, committed 1024K, reserved 1114112K
  class space    used 67K, committed 128K, reserved 1048576K
}
Event: 4.859 GC heap before
{Heap before GC invocations=1 (full 0):
 garbage-first heap   total 393216K, used 42587K [0x0000000600000000, 0x0000000800000000)
  region size 4096K, 11 young (45056K), 1 survivors (4096K)
 Metaspace       used 4410K, committed 4608K, reserved 1114112K
  class space    used 548K, committed 640K, reserved 1048576K
}
Event: 4.864 GC heap after
{Heap after GC invocations=2 (full 0):
 garbage-first heap   total 393216K, used 11896K [0x0000000600000000, 0x0000000800000000)
  region size 4096K, 2 young (8192K), 2 survivors (8192K)
 Metaspace       used 4410K, committed 4608K, reserved 1114112K
  class space    used 548K, committed 640K, reserved 1048576K
}
Event: 9.606 GC heap before
{Heap before GC invocations=2 (full 0):
 garbage-first heap   total 393216K, used 126584K [0x0000000600000000, 0x0000000800000000)
  region size 4096K, 31 young (126976K), 2 survivors (8192K)
 Metaspace       used 17980K, committed 18624K, reserved 1114112K
  class space    used 2504K, committed 2816K, reserved 1048576K
}
Event: 9.619 GC heap after
{Heap after GC invocations=3 (full 0):
 garbage-first heap   total 393216K, used 22785K [0x0000000600000000, 0x0000000800000000)
  region size 4096K, 4 young (16384K), 4 survivors (16384K)
 Metaspace       used 17980K, committed 18624K, reserved 1114112K
  class space    used 2504K, committed 2816K, reserved 1048576K
}

Dll operation events (15 events):
Event: 0.053 Loaded shared library C:\Program Files\Java\jdk-21\bin\java.dll
Event: 0.109 Loaded shared library C:\Program Files\Java\jdk-21\bin\jsvml.dll
Event: 0.205 Loaded shared library C:\Program Files\Java\jdk-21\bin\zip.dll
Event: 0.215 Loaded shared library C:\Program Files\Java\jdk-21\bin\instrument.dll
Event: 0.253 Loaded shared library C:\Program Files\Java\jdk-21\bin\net.dll
Event: 0.288 Loaded shared library C:\Program Files\Java\jdk-21\bin\nio.dll
Event: 0.296 Loaded shared library C:\Program Files\Java\jdk-21\bin\zip.dll
Event: 0.851 Loaded shared library C:\Program Files\Java\jdk-21\bin\jimage.dll
Event: 1.477 Loaded shared library C:\Program Files\Java\jdk-21\bin\verify.dll
Event: 1.688 Loaded shared library C:\Users\AsangBorkar\.gradle\native\1def1411415f61bf3af743bc5b6707747c0891f09f0c88961ee8f79bc544acac\windows-amd64\native-platform.dll
Event: 1.745 Loaded shared library C:\Users\AsangBorkar\.gradle\native\0.2.7\x86_64-windows-gnu\gradle-fileevents.dll
Event: 6.886 Loaded shared library C:\Program Files\Java\jdk-21\bin\management.dll
Event: 6.915 Loaded shared library C:\Program Files\Java\jdk-21\bin\management_ext.dll
Event: 7.251 Loaded shared library C:\Program Files\Java\jdk-21\bin\extnet.dll
Event: 7.828 Loaded shared library C:\Program Files\Java\jdk-21\bin\sunmscapi.dll

Deoptimization events (20 events):
Event: 9.278 Thread 0x000001bb38970320 Uncommon trap: trap_request=0xffffff45 fr.pc=0x000001bad466b09c relative=0x00000000000000fc
Event: 9.278 Thread 0x000001bb38970320 Uncommon trap: reason=unstable_if action=reinterpret pc=0x000001bad466b09c method=java.util.HashMap.hash(Ljava/lang/Object;)I @ 1 c2
Event: 9.278 Thread 0x000001bb38970320 DEOPT PACKING pc=0x000001bad466b09c sp=0x0000005bc8ffc460
Event: 9.278 Thread 0x000001bb38970320 DEOPT UNPACKING pc=0x000001bad40f46a2 sp=0x0000005bc8ffc3a0 mode 2
Event: 9.619 Thread 0x000001bb389d5b50 Uncommon trap: trap_request=0xffffff45 fr.pc=0x000001bad47894f4 relative=0x00000000000002b4
Event: 9.619 Thread 0x000001bb389d5b50 Uncommon trap: reason=unstable_if action=reinterpret pc=0x000001bad47894f4 method=java.util.concurrent.ConcurrentHashMap.get(Ljava/lang/Object;)Ljava/lang/Object; @ 76 c2
Event: 9.619 Thread 0x000001bb389d5b50 DEOPT PACKING pc=0x000001bad47894f4 sp=0x0000005bc90fdef0
Event: 9.619 Thread 0x000001bb389d5b50 DEOPT UNPACKING pc=0x000001bad40f46a2 sp=0x0000005bc90fde58 mode 2
Event: 9.619 Thread 0x000001bb389d5b50 Uncommon trap: trap_request=0xffffffde fr.pc=0x000001bad4770e30 relative=0x0000000000000e30
Event: 9.619 Thread 0x000001bb389d5b50 Uncommon trap: reason=class_check action=maybe_recompile pc=0x000001bad4770e30 method=java.util.concurrent.ConcurrentHashMap.putVal(Ljava/lang/Object;Ljava/lang/Object;Z)Ljava/lang/Object; @ 159 c2
Event: 9.619 Thread 0x000001bb389d5b50 DEOPT PACKING pc=0x000001bad4770e30 sp=0x0000005bc90fde00
Event: 9.619 Thread 0x000001bb389d5b50 DEOPT UNPACKING pc=0x000001bad40f46a2 sp=0x0000005bc90fdd80 mode 2
Event: 9.619 Thread 0x000001bb389d5b50 Uncommon trap: trap_request=0xffffffde fr.pc=0x000001bad4770efc relative=0x0000000000000efc
Event: 9.619 Thread 0x000001bb389d5b50 Uncommon trap: reason=class_check action=maybe_recompile pc=0x000001bad4770efc method=java.util.concurrent.ConcurrentHashMap.putVal(Ljava/lang/Object;Ljava/lang/Object;Z)Ljava/lang/Object; @ 242 c2
Event: 9.619 Thread 0x000001bb389d5b50 DEOPT PACKING pc=0x000001bad4770efc sp=0x0000005bc90fdfe0
Event: 9.619 Thread 0x000001bb389d5b50 DEOPT UNPACKING pc=0x000001bad40f46a2 sp=0x0000005bc90fdf50 mode 2
Event: 9.619 Thread 0x000001bb389d5b50 Uncommon trap: trap_request=0xffffffde fr.pc=0x000001bad4770efc relative=0x0000000000000efc
Event: 9.619 Thread 0x000001bb389d5b50 Uncommon trap: reason=class_check action=maybe_recompile pc=0x000001bad4770efc method=java.util.concurrent.ConcurrentHashMap.putVal(Ljava/lang/Object;Ljava/lang/Object;Z)Ljava/lang/Object; @ 242 c2
Event: 9.619 Thread 0x000001bb389d5b50 DEOPT PACKING pc=0x000001bad4770efc sp=0x0000005bc90fe150
Event: 9.619 Thread 0x000001bb389d5b50 DEOPT UNPACKING pc=0x000001bad40f46a2 sp=0x0000005bc90fe0c0 mode 2

Classes loaded (20 events):
Event: 9.432 Loading class java/lang/invoke/BoundMethodHandle$Species_LLLLLLLLLLLLLLLLLLLLL
Event: 9.432 Loading class java/lang/invoke/BoundMethodHandle$Species_LLLLLLLLLLLLLLLLLLLLL done
Event: 9.438 Loading class java/lang/invoke/BoundMethodHandle$Species_LLLLLLLLLLLLLLLLLLLLLL
Event: 9.438 Loading class java/lang/invoke/BoundMethodHandle$Species_LLLLLLLLLLLLLLLLLLLLLL done
Event: 9.441 Loading class java/lang/invoke/BoundMethodHandle$Species_LLLLLLLLLLLLLLLLLLLLLLL
Event: 9.441 Loading class java/lang/invoke/BoundMethodHandle$Species_LLLLLLLLLLLLLLLLLLLLLLL done
Event: 9.444 Loading class java/lang/invoke/BoundMethodHandle$Species_LLLLLLLLLLLLLLLLLLLLLLLL
Event: 9.444 Loading class java/lang/invoke/BoundMethodHandle$Species_LLLLLLLLLLLLLLLLLLLLLLLL done
Event: 9.532 Loading class java/util/Collections$2
Event: 9.533 Loading class java/util/Collections$2 done
Event: 9.598 Loading class java/io/ObjectOutputStream$BlockDataOutputStream
Event: 9.599 Loading class java/io/ObjectOutputStream$BlockDataOutputStream done
Event: 9.599 Loading class java/io/ObjectOutputStream$HandleTable
Event: 9.599 Loading class java/io/ObjectOutputStream$HandleTable done
Event: 9.599 Loading class java/io/ObjectOutputStream$ReplaceTable
Event: 9.600 Loading class java/io/ObjectOutputStream$ReplaceTable done
Event: 9.628 Loading class java/io/UnsupportedEncodingException
Event: 9.628 Loading class java/io/UnsupportedEncodingException done
Event: 9.628 Loading class java/nio/charset/CharacterCodingException
Event: 9.628 Loading class java/nio/charset/CharacterCodingException done

Classes unloaded (0 events):
No events

Classes redefined (0 events):
No events

Internal exceptions (20 events):
Event: 9.217 Thread 0x000001bb38970320 Exception <a 'java/lang/IncompatibleClassChangeError'{0x0000000610d42760}: Found class java.lang.Object, but interface was expected> (0x0000000610d42760) 
thrown [s\open\src\hotspot\share\interpreter\linkResolver.cpp, line 840]
Event: 9.278 Thread 0x000001bb38970320 Implicit null exception at 0x000001bad466afe6 to 0x000001bad466b092
Event: 9.316 Thread 0x000001bb38970320 Exception <a 'java/lang/NoSuchMethodError'{0x0000000610f38840}: 'int java.lang.invoke.DirectMethodHandle$Holder.invokeStatic(java.lang.Object, java.lang.Object, java.lang.Object, java.lang.Object)'> (0x0000000610f38840) 
thrown [s\open\src\hotspot\share\interpreter\linkResolver.cpp, line 773]
Event: 9.403 Thread 0x000001bb38970320 Exception <a 'java/lang/NoSuchMethodError'{0x00000006109ca488}: 'java.lang.Object java.lang.invoke.DelegatingMethodHandle$Holder.reinvoke_L(java.lang.Object, java.lang.Object, java.lang.Object, java.lang.Object, java.lang.Object, java.lang.Object, java.lang.Object, java.lang.Object, java.lang.Object, java.lang.Object, java.lang.Object, java.lang.Object, java.lang.Object, java.lang.Object, java.lang.Object, java.lang.Object, java.lang.Object, java.lang.Object, java.lang.Object, java.lang.Object, java.lang.O
Event: 9.409 Thread 0x000001bb38970320 Exception <a 'java/lang/NoSuchMethodError'{0x0000000610a37dc8}: 'java.lang.Object java.lang.invoke.DirectMethodHandle$Holder.invokeStatic(java.lang.Object, java.lang.Object, java.lang.Object, java.lang.Object, java.lang.Object, java.lang.Object, java.lang.Object, java.lang.Object, java.lang.Object, java.lang.Object, java.lang.Object, java.lang.Object, java.lang.Object, java.lang.Object, java.lang.Object, java.lang.Object, java.lang.Object)'> (0x0000000610a37dc8) 
thrown [s\open\src\hotspot\share\interprete
Event: 9.413 Thread 0x000001bb38970320 Exception <a 'java/lang/NoSuchMethodError'{0x0000000610a626b8}: 'java.lang.Object java.lang.invoke.DirectMethodHandle$Holder.invokeStatic(java.lang.Object, java.lang.Object, java.lang.Object, java.lang.Object, java.lang.Object, java.lang.Object, java.lang.Object, java.lang.Object, java.lang.Object, java.lang.Object, java.lang.Object, java.lang.Object, java.lang.Object, java.lang.Object, java.lang.Object, java.lang.Object, java.lang.Object, java.lang.Object)'> (0x0000000610a626b8) 
thrown [s\open\src\hotspo
Event: 9.416 Thread 0x000001bb38970320 Exception <a 'java/lang/NoSuchMethodError'{0x0000000610a8c318}: 'java.lang.Object java.lang.invoke.DirectMethodHandle$Holder.invokeStatic(java.lang.Object, java.lang.Object, java.lang.Object, java.lang.Object, java.lang.Object, java.lang.Object, java.lang.Object, java.lang.Object, java.lang.Object, java.lang.Object, java.lang.Object, java.lang.Object, java.lang.Object, java.lang.Object, java.lang.Object, java.lang.Object, java.lang.Object, java.lang.Object, java.lang.Object)'> (0x0000000610a8c318) 
thrown 
Event: 9.420 Thread 0x000001bb38970320 Exception <a 'java/lang/NoSuchMethodError'{0x0000000610ab7390}: 'java.lang.Object java.lang.invoke.DirectMethodHandle$Holder.invokeStatic(java.lang.Object, java.lang.Object, java.lang.Object, java.lang.Object, java.lang.Object, java.lang.Object, java.lang.Object, java.lang.Object, java.lang.Object, java.lang.Object, java.lang.Object, java.lang.Object, java.lang.Object, java.lang.Object, java.lang.Object, java.lang.Object, java.lang.Object, java.lang.Object, java.lang.Object, java.lang.Object)'> (0x00000006
Event: 9.423 Thread 0x000001bb38970320 Exception <a 'java/lang/NoSuchMethodError'{0x0000000610ae3638}: 'java.lang.Object java.lang.invoke.DirectMethodHandle$Holder.invokeStatic(java.lang.Object, java.lang.Object, java.lang.Object, java.lang.Object, java.lang.Object, java.lang.Object, java.lang.Object, java.lang.Object, java.lang.Object, java.lang.Object, java.lang.Object, java.lang.Object, java.lang.Object, java.lang.Object, java.lang.Object, java.lang.Object, java.lang.Object, java.lang.Object, java.lang.Object, java.lang.Object, java.lang.Obj
Event: 9.426 Thread 0x000001bb38970320 Exception <a 'java/lang/NoSuchMethodError'{0x0000000610b10a70}: 'java.lang.Object java.lang.invoke.DirectMethodHandle$Holder.invokeStatic(java.lang.Object, java.lang.Object, java.lang.Object, java.lang.Object, java.lang.Object, java.lang.Object, java.lang.Object, java.lang.Object, java.lang.Object, java.lang.Object, java.lang.Object, java.lang.Object, java.lang.Object, java.lang.Object, java.lang.Object, java.lang.Object, java.lang.Object, java.lang.Object, java.lang.Object, java.lang.Object, java.lang.Obj
Event: 9.430 Thread 0x000001bb38970320 Exception <a 'java/lang/NoSuchMethodError'{0x0000000610b3f178}: 'java.lang.Object java.lang.invoke.DirectMethodHandle$Holder.invokeStatic(java.lang.Object, java.lang.Object, java.lang.Object, java.lang.Object, java.lang.Object, java.lang.Object, java.lang.Object, java.lang.Object, java.lang.Object, java.lang.Object, java.lang.Object, java.lang.Object, java.lang.Object, java.lang.Object, java.lang.Object, java.lang.Object, java.lang.Object, java.lang.Object, java.lang.Object, java.lang.Object, java.lang.Obj
Event: 9.436 Thread 0x000001bb38970320 Exception <a 'java/lang/NoSuchMethodError'{0x0000000610b6e1b8}: 'java.lang.Object java.lang.invoke.DirectMethodHandle$Holder.invokeStatic(java.lang.Object, java.lang.Object, java.lang.Object, java.lang.Object, java.lang.Object, java.lang.Object, java.lang.Object, java.lang.Object, java.lang.Object, java.lang.Object, java.lang.Object, java.lang.Object, java.lang.Object, java.lang.Object, java.lang.Object, java.lang.Object, java.lang.Object, java.lang.Object, java.lang.Object, java.lang.Object, java.lang.Obj
Event: 9.439 Thread 0x000001bb38970320 Exception <a 'java/lang/NoSuchMethodError'{0x0000000610b9e2b8}: 'java.lang.Object java.lang.invoke.DirectMethodHandle$Holder.invokeStatic(java.lang.Object, java.lang.Object, java.lang.Object, java.lang.Object, java.lang.Object, java.lang.Object, java.lang.Object, java.lang.Object, java.lang.Object, java.lang.Object, java.lang.Object, java.lang.Object, java.lang.Object, java.lang.Object, java.lang.Object, java.lang.Object, java.lang.Object, java.lang.Object, java.lang.Object, java.lang.Object, java.lang.Obj
Event: 9.442 Thread 0x000001bb38970320 Exception <a 'java/lang/NoSuchMethodError'{0x0000000610bceaf0}: 'java.lang.Object java.lang.invoke.DirectMethodHandle$Holder.invokeStatic(java.lang.Object, java.lang.Object, java.lang.Object, java.lang.Object, java.lang.Object, java.lang.Object, java.lang.Object, java.lang.Object, java.lang.Object, java.lang.Object, java.lang.Object, java.lang.Object, java.lang.Object, java.lang.Object, java.lang.Object, java.lang.Object, java.lang.Object, java.lang.Object, java.lang.Object, java.lang.Object, java.lang.Obj
Event: 9.445 Thread 0x000001bb38970320 Exception <a 'java/lang/NoSuchMethodError'{0x0000000610402d10}: 'java.lang.Object java.lang.invoke.DirectMethodHandle$Holder.invokeStatic(java.lang.Object, java.lang.Object, java.lang.Object, java.lang.Object, java.lang.Object, java.lang.Object, java.lang.Object, java.lang.Object, java.lang.Object, java.lang.Object, java.lang.Object, java.lang.Object, java.lang.Object, java.lang.Object, java.lang.Object, java.lang.Object, java.lang.Object, java.lang.Object, java.lang.Object, java.lang.Object, java.lang.Obj
Event: 9.504 Thread 0x000001bb38970320 Exception <a 'java/lang/IncompatibleClassChangeError'{0x000000061054b3a8}: Found class java.lang.Object, but interface was expected> (0x000000061054b3a8) 
thrown [s\open\src\hotspot\share\interpreter\linkResolver.cpp, line 840]
Event: 9.602 Thread 0x000001bb389d82b0 Exception <a 'java/lang/NoSuchMethodError'{0x0000000612ff1b00}: static Lorg/gradle/internal/build/event/types/DefaultOperationStartedProgressEvent;.<clinit>()V> (0x0000000612ff1b00) 
thrown [s\open\src\hotspot\share\prims\jni.cpp, line 1106]
Event: 9.603 Thread 0x000001bb389d82b0 Exception <a 'java/lang/NoSuchMethodError'{0x0000000612ff3138}: static Lorg/gradle/internal/build/event/types/AbstractProgressEvent;.<clinit>()V> (0x0000000612ff3138) 
thrown [s\open\src\hotspot\share\prims\jni.cpp, line 1106]
Event: 9.605 Thread 0x000001bb389d82b0 Exception <a 'java/lang/NoSuchMethodError'{0x0000000612ffbcd0}: static Lorg/gradle/internal/build/event/types/DefaultOperationDescriptor;.<clinit>()V> (0x0000000612ffbcd0) 
thrown [s\open\src\hotspot\share\prims\jni.cpp, line 1106]
Event: 9.632 Thread 0x000001bb389d82b0 Exception <a 'java/lang/NoSuchMethodError'{0x0000000617d29598}: static Lorg/gradle/internal/operations/OperationIdentifier;.<clinit>()V> (0x0000000617d29598) 
thrown [s\open\src\hotspot\share\prims\jni.cpp, line 1106]

ZGC Phase Switch (0 events):
No events

VM Operations (20 events):
Event: 7.216 Executing VM operation: HandshakeAllThreads (Deoptimize) done
Event: 7.289 Executing VM operation: HandshakeAllThreads (Deoptimize)
Event: 7.289 Executing VM operation: HandshakeAllThreads (Deoptimize) done
Event: 7.372 Executing VM operation: HandshakeAllThreads (Deoptimize)
Event: 7.372 Executing VM operation: HandshakeAllThreads (Deoptimize) done
Event: 7.469 Executing VM operation: HandshakeAllThreads (Deoptimize)
Event: 7.469 Executing VM operation: HandshakeAllThreads (Deoptimize) done
Event: 7.767 Executing VM operation: HandshakeAllThreads (Deoptimize)
Event: 7.768 Executing VM operation: HandshakeAllThreads (Deoptimize) done
Event: 8.495 Executing VM operation: ICBufferFull
Event: 8.495 Executing VM operation: ICBufferFull done
Event: 8.995 Executing VM operation: HandshakeAllThreads (Deoptimize)
Event: 8.995 Executing VM operation: HandshakeAllThreads (Deoptimize) done
Event: 9.458 Executing VM operation: HandshakeAllThreads (Deoptimize)
Event: 9.458 Executing VM operation: HandshakeAllThreads (Deoptimize) done
Event: 9.459 Executing VM operation: HandshakeAllThreads (Deoptimize)
Event: 9.459 Executing VM operation: HandshakeAllThreads (Deoptimize) done
Event: 9.605 Executing VM operation: G1CollectForAllocation (G1 Evacuation Pause)
Event: 9.619 Executing VM operation: G1CollectForAllocation (G1 Evacuation Pause) done
Event: 10.620 Executing VM operation: Cleanup

Events (20 events):
Event: 1.489 Thread 0x000001bb377c0060 Thread added: 0x000001bb377c0060
Event: 4.056 Thread 0x000001bb377c0060 Thread exited: 0x000001bb377c0060
Event: 4.351 Thread 0x000001bb3794e710 Thread added: 0x000001bb3794e710
Event: 4.991 Thread 0x000001bb3794e710 Thread exited: 0x000001bb3794e710
Event: 6.736 Thread 0x000001bb3875b400 Thread added: 0x000001bb3875b400
Event: 7.003 Thread 0x000001bb386f2660 Thread added: 0x000001bb386f2660
Event: 7.457 Thread 0x000001bb3875b400 Thread exited: 0x000001bb3875b400
Event: 7.569 Thread 0x000001bb3882f070 Thread added: 0x000001bb3882f070
Event: 7.732 Thread 0x000001bb37c430b0 Thread added: 0x000001bb37c430b0
Event: 7.894 Thread 0x000001bb388c5160 Thread added: 0x000001bb388c5160
Event: 7.899 Thread 0x000001bb3897d430 Thread added: 0x000001bb3897d430
Event: 8.112 Thread 0x000001bb3896f8a0 Thread added: 0x000001bb3896f8a0
Event: 8.132 Thread 0x000001bb38970320 Thread added: 0x000001bb38970320
Event: 8.147 Thread 0x000001bb389d5b50 Thread added: 0x000001bb389d5b50
Event: 8.156 Thread 0x000001bb389d61e0 Thread added: 0x000001bb389d61e0
Event: 8.160 Thread 0x000001bb389d82b0 Thread added: 0x000001bb389d82b0
Event: 8.995 Thread 0x000001bb389d4e30 Thread added: 0x000001bb389d4e30
Event: 9.012 Thread 0x000001bb389d6870 Thread added: 0x000001bb389d6870
Event: 9.067 Thread 0x000001bb389d6f00 Thread added: 0x000001bb389d6f00
Event: 9.404 Thread 0x000001bb398a98b0 Thread added: 0x000001bb398a98b0


Dynamic libraries:
0x00007ff63aff0000 - 0x00007ff63b000000 	C:\Program Files\Java\jdk-21\bin\java.exe
0x00007ffabf780000 - 0x00007ffabf9e8000 	C:\WINDOWS\SYSTEM32\ntdll.dll
0x00007ffabe770000 - 0x00007ffabe839000 	C:\WINDOWS\System32\KERNEL32.DLL
0x00007ffabc550000 - 0x00007ffabc941000 	C:\WINDOWS\System32\KERNELBASE.dll
0x00007ffabbd70000 - 0x00007ffabbf25000 	C:\Windows\system32\hmpalert.dll
0x00007ffabbb80000 - 0x00007ffabbd6c000 	C:\Windows\System32\SophosED\SophosED.dll
0x00007ffabd250000 - 0x00007ffabd39b000 	C:\WINDOWS\System32\ucrtbase.dll
0x00007ffab5030000 - 0x00007ffab5049000 	C:\Program Files\Java\jdk-21\bin\jli.dll
0x00007ffabd8b0000 - 0x00007ffabd964000 	C:\WINDOWS\System32\ADVAPI32.dll
0x00007ffabe300000 - 0x00007ffabe3a9000 	C:\WINDOWS\System32\msvcrt.dll
0x00007ffaae230000 - 0x00007ffaae24b000 	C:\Program Files\Java\jdk-21\bin\VCRUNTIME140.dll
0x00007ffabe520000 - 0x00007ffabe5c6000 	C:\WINDOWS\System32\sechost.dll
0x00007ffabe5d0000 - 0x00007ffabe6e8000 	C:\WINDOWS\System32\RPCRT4.dll
0x00007ffabe8c0000 - 0x00007ffabea86000 	C:\WINDOWS\System32\USER32.dll
0x00007ffabc1d0000 - 0x00007ffabc1f7000 	C:\WINDOWS\System32\win32u.dll
0x00007ffabdc80000 - 0x00007ffabdcab000 	C:\WINDOWS\System32\GDI32.dll
0x00007ffabc200000 - 0x00007ffabc32b000 	C:\WINDOWS\System32\gdi32full.dll
0x00007ffabc330000 - 0x00007ffabc3d3000 	C:\WINDOWS\System32\msvcp_win.dll
0x00007ffaa3640000 - 0x00007ffaa38d3000 	C:\WINDOWS\WinSxS\amd64_microsoft.windows.common-controls_6595b64144ccf1df_6.0.26100.7705_none_3e06597ae3363b04\COMCTL32.dll
0x00007ffab5700000 - 0x00007ffab570b000 	C:\WINDOWS\SYSTEM32\VERSION.dll
0x00007ffabed30000 - 0x00007ffabed61000 	C:\WINDOWS\System32\IMM32.DLL
0x00007ffaa8610000 - 0x00007ffaa861c000 	C:\Program Files\Java\jdk-21\bin\vcruntime140_1.dll
0x00007ffa98a40000 - 0x00007ffa98ace000 	C:\Program Files\Java\jdk-21\bin\msvcp140.dll
0x00007ffa4c030000 - 0x00007ffa4cd47000 	C:\Program Files\Java\jdk-21\bin\server\jvm.dll
0x00007ffabe840000 - 0x00007ffabe8b4000 	C:\WINDOWS\System32\WS2_32.dll
0x00007ffabb960000 - 0x00007ffabb9be000 	C:\WINDOWS\SYSTEM32\POWRPROF.dll
0x00007ffaa31d0000 - 0x00007ffaa3205000 	C:\WINDOWS\SYSTEM32\WINMM.dll
0x00007ffabb940000 - 0x00007ffabb954000 	C:\WINDOWS\SYSTEM32\UMPDC.dll
0x00007ffaba8f0000 - 0x00007ffaba90b000 	C:\WINDOWS\SYSTEM32\kernel.appcore.dll
0x00007ffaa8600000 - 0x00007ffaa860a000 	C:\Program Files\Java\jdk-21\bin\jimage.dll
0x00007ffaafaa0000 - 0x00007ffaafce2000 	C:\WINDOWS\SYSTEM32\DBGHELP.DLL
0x00007ffabd520000 - 0x00007ffabd8a6000 	C:\WINDOWS\System32\combase.dll
0x00007ffabe440000 - 0x00007ffabe517000 	C:\WINDOWS\System32\OLEAUT32.dll
0x00007ffa94bc0000 - 0x00007ffa94bfb000 	C:\WINDOWS\SYSTEM32\dbgcore.DLL
0x00007ffabc3e0000 - 0x00007ffabc485000 	C:\WINDOWS\System32\bcryptPrimitives.dll
0x00007ffaa8370000 - 0x00007ffaa837f000 	C:\Program Files\Java\jdk-21\bin\instrument.dll
0x00007ffaa8170000 - 0x00007ffaa818f000 	C:\Program Files\Java\jdk-21\bin\java.dll
0x00007ffabefb0000 - 0x00007ffabf701000 	C:\WINDOWS\System32\SHELL32.dll
0x00007ffabc060000 - 0x00007ffabc1ca000 	C:\WINDOWS\System32\wintypes.dll
0x00007ffabc9e0000 - 0x00007ffabd242000 	C:\WINDOWS\System32\windows.storage.dll
0x00007ffabee90000 - 0x00007ffabef86000 	C:\WINDOWS\System32\SHCORE.dll
0x00007ffabec30000 - 0x00007ffabec97000 	C:\WINDOWS\System32\shlwapi.dll
0x00007ffabbf80000 - 0x00007ffabbfa9000 	C:\WINDOWS\SYSTEM32\profapi.dll
0x00007ffa986b0000 - 0x00007ffa98787000 	C:\Program Files\Java\jdk-21\bin\jsvml.dll
0x00007ffaa8150000 - 0x00007ffaa8168000 	C:\Program Files\Java\jdk-21\bin\zip.dll
0x00007ffaa8140000 - 0x00007ffaa8150000 	C:\Program Files\Java\jdk-21\bin\net.dll
0x00007ffaba910000 - 0x00007ffabaa37000 	C:\WINDOWS\SYSTEM32\WINHTTP.dll
0x00007ffabaf70000 - 0x00007ffabafdb000 	C:\WINDOWS\system32\mswsock.dll
0x00007ffaa7f40000 - 0x00007ffaa7f56000 	C:\Program Files\Java\jdk-21\bin\nio.dll
0x00007ffaa7f10000 - 0x00007ffaa7f20000 	C:\Program Files\Java\jdk-21\bin\verify.dll
0x00007ffaa7b00000 - 0x00007ffaa7b27000 	C:\Users\AsangBorkar\.gradle\native\1def1411415f61bf3af743bc5b6707747c0891f09f0c88961ee8f79bc544acac\windows-amd64\native-platform.dll
0x00007ffa82140000 - 0x00007ffa821b8000 	C:\Users\AsangBorkar\.gradle\native\0.2.7\x86_64-windows-gnu\gradle-fileevents.dll
0x00007ffaa7df0000 - 0x00007ffaa7dfa000 	C:\Program Files\Java\jdk-21\bin\management.dll
0x00007ffaa7d40000 - 0x00007ffaa7d4b000 	C:\Program Files\Java\jdk-21\bin\management_ext.dll
0x00007ffabf730000 - 0x00007ffabf738000 	C:\WINDOWS\System32\PSAPI.DLL
0x00007ffaba0f0000 - 0x00007ffaba124000 	C:\WINDOWS\SYSTEM32\IPHLPAPI.DLL
0x00007ffabf710000 - 0x00007ffabf71a000 	C:\WINDOWS\System32\NSI.dll
0x00007ffaa7d20000 - 0x00007ffaa7d29000 	C:\Program Files\Java\jdk-21\bin\extnet.dll
0x00007ffabb360000 - 0x00007ffabb37b000 	C:\WINDOWS\SYSTEM32\CRYPTSP.dll
0x00007ffaba850000 - 0x00007ffaba889000 	C:\WINDOWS\system32\rsaenh.dll
0x00007ffabb020000 - 0x00007ffabb04b000 	C:\WINDOWS\SYSTEM32\USERENV.dll
0x00007ffabbf50000 - 0x00007ffabbf7a000 	C:\WINDOWS\SYSTEM32\bcrypt.dll
0x00007ffabb1c0000 - 0x00007ffabb1cc000 	C:\WINDOWS\SYSTEM32\CRYPTBASE.dll
0x00007ffaa7d10000 - 0x00007ffaa7d1e000 	C:\Program Files\Java\jdk-21\bin\sunmscapi.dll
0x00007ffabd3a0000 - 0x00007ffabd517000 	C:\WINDOWS\System32\CRYPT32.dll
0x00007ffabb4b0000 - 0x00007ffabb4e0000 	C:\WINDOWS\SYSTEM32\ncrypt.dll
0x00007ffabb460000 - 0x00007ffabb49f000 	C:\WINDOWS\SYSTEM32\NTASN1.dll
0x00007ffa83440000 - 0x00007ffa83448000 	C:\WINDOWS\system32\wshunix.dll

dbghelp: loaded successfully - version: 4.0.5 - missing functions: none
symbol engine: initialized successfully - sym options: 0x614 - pdb path: .;C:\Program Files\Java\jdk-21\bin;C:\WINDOWS\SYSTEM32;C:\Windows\System32\SophosED;C:\WINDOWS\WinSxS\amd64_microsoft.windows.common-controls_6595b64144ccf1df_6.0.26100.7705_none_3e06597ae3363b04;C:\Program Files\Java\jdk-21\bin\server;C:\Users\AsangBorkar\.gradle\native\1def1411415f61bf3af743bc5b6707747c0891f09f0c88961ee8f79bc544acac\windows-amd64;C:\Users\AsangBorkar\.gradle\native\0.2.7\x86_64-windows-gnu

VM Arguments:
jvm_args: --add-opens=java.base/java.lang=ALL-UNNAMED --add-opens=java.base/java.lang.invoke=ALL-UNNAMED --add-opens=java.base/java.util=ALL-UNNAMED --add-opens=java.prefs/java.util.prefs=ALL-UNNAMED --add-exports=jdk.compiler/com.sun.tools.javac.api=ALL-UNNAMED --add-exports=jdk.compiler/com.sun.tools.javac.util=ALL-UNNAMED --add-opens=java.base/java.util=ALL-UNNAMED --add-opens=java.prefs/java.util.prefs=ALL-UNNAMED --add-opens=java.base/java.nio.charset=ALL-UNNAMED --add-opens=java.base/java.net=ALL-UNNAMED --add-opens=java.base/java.util.concurrent.atomic=ALL-UNNAMED --add-opens=java.xml/javax.xml.namespace=ALL-UNNAMED -XX:MaxMetaspaceSize=4G -XX:ReservedCodeCacheSize=512m -XX:+HeapDumpOnOutOfMemoryError -Xmx8G -Dfile.encoding=UTF-8 -Duser.country=IN -Duser.language=en -Duser.variant -javaagent:C:\Users\AsangBorkar\.gradle\wrapper\dists\gradle-8.14-all\c2qonpi39x1mddn7hk5gh9iqj\gradle-8.14\lib\agents\gradle-instrumentation-agent-8.14.jar 
java_command: org.gradle.launcher.daemon.bootstrap.GradleDaemon 8.14
java_class_path (initial): C:\Users\AsangBorkar\.gradle\wrapper\dists\gradle-8.14-all\c2qonpi39x1mddn7hk5gh9iqj\gradle-8.14\lib\gradle-daemon-main-8.14.jar
Launcher Type: SUN_STANDARD

[Global flags]
     intx CICompilerCount                          = 4                                         {product} {ergonomic}
     uint ConcGCThreads                            = 2                                         {product} {ergonomic}
     uint G1ConcRefinementThreads                  = 8                                         {product} {ergonomic}
   size_t G1HeapRegionSize                         = 4194304                                   {product} {ergonomic}
    uintx GCDrainStackTargetSize                   = 64                                        {product} {ergonomic}
     bool HeapDumpOnOutOfMemoryError               = true                                   {manageable} {command line}
   size_t InitialHeapSize                          = 402653184                                 {product} {ergonomic}
   size_t MarkStackSize                            = 4194304                                   {product} {ergonomic}
   size_t MaxHeapSize                              = 8589934592                                {product} {command line}
   size_t MaxMetaspaceSize                         = 4294967296                                {product} {command line}
   size_t MaxNewSize                               = 5150605312                                {product} {ergonomic}
   size_t MinHeapDeltaBytes                        = 4194304                                   {product} {ergonomic}
   size_t MinHeapSize                              = 8388608                                   {product} {ergonomic}
    uintx NonNMethodCodeHeapSize                   = 5839372                                {pd product} {ergonomic}
    uintx NonProfiledCodeHeapSize                  = 265515770                              {pd product} {ergonomic}
    uintx ProfiledCodeHeapSize                     = 265515770                              {pd product} {ergonomic}
    uintx ReservedCodeCacheSize                    = 536870912                              {pd product} {command line}
     bool SegmentedCodeCache                       = true                                      {product} {ergonomic}
   size_t SoftMaxHeapSize                          = 8589934592                             {manageable} {ergonomic}
     bool UseCompressedOops                        = true                           {product lp64_product} {ergonomic}
     bool UseG1GC                                  = true                                      {product} {ergonomic}
     bool UseLargePagesIndividualAllocation        = false                                  {pd product} {ergonomic}

Logging:
Log output configuration:
 #0: stdout all=warning uptime,level,tags foldmultilines=false
 #1: stderr all=off uptime,level,tags foldmultilines=false

Environment Variables:
JAVA_HOME=C:\Program Files\Java\jdk-21
PATH=C:\Python313\Scripts\;C:\Python313\;C:\Program Files\Common Files\Oracle\Java\javapath;C:\WINDOWS\system32;C:\WINDOWS;C:\WINDOWS\System32\Wbem;C:\WINDOWS\System32\WindowsPowerShell\v1.0\;C:\WINDOWS\System32\OpenSSH\;C:\Program Files\dotnet\;C:\Program Files\Git\cmd;C:\Program Files\Java\jdk-21\bin;C:\ProgramData\chocolatey\bin;C:\Program Files\nodejs\;C:\Program Files\cursor\resources\app\bin;C:\Users\AsangBorkar\Developer\flutter\bin;C:\Users\AsangBorkar\AppData\Local\Pub\Cache\bin;C:\Users\AsangBorkar\AppData\Local\Microsoft\WindowsApps;C:\Users\AsangBorkar\AppData\Local\Programs\Microsoft VS Code\bin;C:\Users\AsangBorkar\AppData\Roaming\npm;C:\Users\AsangBorkar\AppData\Local\Programs\Antigravity\bin;C:\Users\AsangBorkar\AppData\Local\Programs\cursor\resources\app\bin
USERNAME=AsangBorkar
OS=Windows_NT
PROCESSOR_IDENTIFIER=Intel64 Family 6 Model 142 Stepping 12, GenuineIntel
TMP=C:\Users\ASANGB~1\AppData\Local\Temp
TEMP=C:\Users\ASANGB~1\AppData\Local\Temp




Periodic native trim disabled

---------------  S Y S T E M  ---------------

OS:
 Windows 11 , 64 bit Build 26100 (10.0.26100.7705)
OS uptime: 9 days 4:22 hours
Hyper-V role detected

CPU: total 8 (initial active 8) (4 cores per cpu, 2 threads per core) family 6 model 142 stepping 12 microcode 0x100, cx8, cmov, fxsr, ht, mmx, 3dnowpref, sse, sse2, sse3, ssse3, sse4.1, sse4.2, popcnt, lzcnt, tsc, tscinvbit, avx, avx2, aes, erms, clmul, bmi1, bmi2, adx, fma, vzeroupper, clflush, clflushopt, hv, rdtscp, f16c
Processor Information for all 8 processors :
  Max Mhz: 2112, Current Mhz: 1609, Mhz Limit: 1605

Memory: 4k page, system-wide physical 24336M (3263M free)
TotalPageFile size 24336M (AvailPageFile size 8M)
current process WorkingSet (physical memory assigned to process): 253M, peak: 260M
current process commit charge ("private bytes"): 555M, peak: 562M

vm_info: Java HotSpot(TM) 64-Bit Server VM (21.0.2+13-LTS-58) for windows-amd64 JRE (21.0.2+13-LTS-58), built on 2024-01-05T18:32:24Z by "mach5one" with MS VC++ 17.1 (VS2022)

END.
